2015-04-01 21:18:25 [cn.edu.hfut.dmic.webcollector.crawler.Crawler-119]-[INFO] starting depth 1
2015-04-01 21:18:27 [cn.edu.hfut.dmic.webcollector.fetcher.Fetcher-397]-[INFO] -activeThreads=1, spinWaiting=0, fetchQueue.size=0
2015-04-01 21:18:27 [cn.edu.hfut.dmic.webcollector.fetcher.Fetcher-284]-[INFO] fetch http://news.163.com/
2015-04-01 21:18:28 [cn.edu.hfut.dmic.webcollector.fetcher.Fetcher-397]-[INFO] -activeThreads=1, spinWaiting=0, fetchQueue.size=0
2015-04-01 21:18:29 [cn.edu.hfut.dmic.webcollector.fetcher.Fetcher-397]-[INFO] -activeThreads=1, spinWaiting=0, fetchQueue.size=0
2015-04-01 21:18:30 [cn.edu.hfut.dmic.webcollector.fetcher.Fetcher-397]-[INFO] -activeThreads=1, spinWaiting=0, fetchQueue.size=0
2015-04-01 21:18:31 [cn.edu.hfut.dmic.webcollector.fetcher.Fetcher-397]-[INFO] -activeThreads=1, spinWaiting=0, fetchQueue.size=0
2015-04-01 21:18:32 [cn.edu.hfut.dmic.webcollector.fetcher.Fetcher-397]-[INFO] -activeThreads=1, spinWaiting=0, fetchQueue.size=0
2015-04-01 21:18:33 [cn.edu.hfut.dmic.webcollector.fetcher.Fetcher-397]-[INFO] -activeThreads=0, spinWaiting=0, fetchQueue.size=0
2015-04-01 21:18:33 [cn.edu.hfut.dmic.webcollector.fetcher.Fetcher-437]-[INFO] clear all activeThread
2015-04-01 21:18:33 [cn.edu.hfut.dmic.webcollector.fetcher.DbUpdater-96]-[INFO] start merge
2015-04-01 21:18:33 [cn.edu.hfut.dmic.webcollector.fetcher.DbUpdater-99]-[INFO] merge fetch database
2015-04-01 21:18:33 [cn.edu.hfut.dmic.webcollector.fetcher.DbUpdater-110]-[INFO] merge link database
2015-04-01 21:18:33 [cn.edu.hfut.dmic.webcollector.fetcher.DbUpdater-120]-[INFO] end merge
2015-04-01 21:18:33 [cn.edu.hfut.dmic.webcollector.crawler.Crawler-119]-[INFO] starting depth 2
2015-04-01 21:18:34 [cn.edu.hfut.dmic.webcollector.fetcher.Fetcher-284]-[INFO] fetch http://news.163.com/15/0331/20/AM2GKPNG00014JB5.html
2015-04-01 21:18:34 [cn.edu.hfut.dmic.webcollector.fetcher.Fetcher-397]-[INFO] -activeThreads=2, spinWaiting=0, fetchQueue.size=62
2015-04-01 21:18:34 [cn.edu.hfut.dmic.webcollector.fetcher.Fetcher-284]-[INFO] fetch http://news.163.com/15/0331/17/AM26VMS100014SEH.html
2015-04-01 21:18:35 [cn.edu.hfut.dmic.webcollector.fetcher.Fetcher-397]-[INFO] -activeThreads=2, spinWaiting=0, fetchQueue.size=62
2015-04-01 21:18:36 [cn.edu.hfut.dmic.webcollector.fetcher.Fetcher-397]-[INFO] -activeThreads=2, spinWaiting=0, fetchQueue.size=62
2015-04-01 21:18:37 [cn.edu.hfut.dmic.webcollector.fetcher.Fetcher-397]-[INFO] -activeThreads=2, spinWaiting=0, fetchQueue.size=62
2015-04-01 21:18:38 [cn.edu.hfut.dmic.webcollector.fetcher.Fetcher-397]-[INFO] -activeThreads=2, spinWaiting=0, fetchQueue.size=62
2015-04-01 21:18:39 [cn.edu.hfut.dmic.webcollector.fetcher.Fetcher-397]-[INFO] -activeThreads=2, spinWaiting=0, fetchQueue.size=62
2015-04-01 21:18:40 [cn.edu.hfut.dmic.webcollector.fetcher.Fetcher-397]-[INFO] -activeThreads=2, spinWaiting=0, fetchQueue.size=62
2015-04-01 21:18:41 [cn.edu.hfut.dmic.webcollector.fetcher.Fetcher-397]-[INFO] -activeThreads=2, spinWaiting=0, fetchQueue.size=62
2015-04-01 21:18:42 [cn.edu.hfut.dmic.webcollector.fetcher.Fetcher-397]-[INFO] -activeThreads=2, spinWaiting=0, fetchQueue.size=60
2015-04-01 21:18:42 [cn.edu.hfut.dmic.webcollector.fetcher.Fetcher-284]-[INFO] fetch http://news.163.com/15/0401/01/AM33GRSF00014Q4P.html
2015-04-01 21:18:43 [cn.edu.hfut.dmic.webcollector.fetcher.Fetcher-284]-[INFO] fetch http://news.163.com/15/0331/23/AM2QSUJK0001124J.html
2015-04-01 21:18:43 [cn.edu.hfut.dmic.webcollector.fetcher.Fetcher-397]-[INFO] -activeThreads=2, spinWaiting=0, fetchQueue.size=60
2015-04-01 21:19:25 [cn.edu.hfut.dmic.webcollector.crawler.Crawler-119]-[INFO] starting depth 1
2015-04-01 21:19:27 [cn.edu.hfut.dmic.webcollector.fetcher.Fetcher-397]-[INFO] -activeThreads=1, spinWaiting=0, fetchQueue.size=0
2015-04-01 21:19:27 [cn.edu.hfut.dmic.webcollector.fetcher.Fetcher-284]-[INFO] fetch http://news.sohu.com/
2015-04-01 21:19:28 [cn.edu.hfut.dmic.webcollector.fetcher.Fetcher-397]-[INFO] -activeThreads=1, spinWaiting=0, fetchQueue.size=0
2015-04-01 21:19:29 [cn.edu.hfut.dmic.webcollector.fetcher.Fetcher-397]-[INFO] -activeThreads=1, spinWaiting=0, fetchQueue.size=0
2015-04-01 21:19:30 [cn.edu.hfut.dmic.webcollector.fetcher.Fetcher-397]-[INFO] -activeThreads=1, spinWaiting=0, fetchQueue.size=0
2015-04-01 21:19:31 [cn.edu.hfut.dmic.webcollector.fetcher.Fetcher-397]-[INFO] -activeThreads=1, spinWaiting=0, fetchQueue.size=0
2015-04-01 21:19:32 [cn.edu.hfut.dmic.webcollector.fetcher.Fetcher-397]-[INFO] -activeThreads=1, spinWaiting=0, fetchQueue.size=0
2015-04-01 21:19:33 [cn.edu.hfut.dmic.webcollector.fetcher.Fetcher-397]-[INFO] -activeThreads=1, spinWaiting=0, fetchQueue.size=0
2015-04-01 21:19:34 [cn.edu.hfut.dmic.webcollector.fetcher.Fetcher-397]-[INFO] -activeThreads=0, spinWaiting=0, fetchQueue.size=0
2015-04-01 21:19:34 [cn.edu.hfut.dmic.webcollector.fetcher.Fetcher-437]-[INFO] clear all activeThread
2015-04-01 21:19:34 [cn.edu.hfut.dmic.webcollector.fetcher.DbUpdater-96]-[INFO] start merge
2015-04-01 21:19:34 [cn.edu.hfut.dmic.webcollector.fetcher.DbUpdater-99]-[INFO] merge fetch database
2015-04-01 21:19:34 [cn.edu.hfut.dmic.webcollector.fetcher.DbUpdater-110]-[INFO] merge link database
2015-04-01 21:19:34 [cn.edu.hfut.dmic.webcollector.fetcher.DbUpdater-120]-[INFO] end merge
2015-04-01 21:19:34 [cn.edu.hfut.dmic.webcollector.crawler.Crawler-119]-[INFO] starting depth 2
2015-04-01 21:19:35 [cn.edu.hfut.dmic.webcollector.fetcher.Fetcher-397]-[INFO] -activeThreads=2, spinWaiting=0, fetchQueue.size=109
2015-04-01 21:19:35 [cn.edu.hfut.dmic.webcollector.fetcher.Fetcher-284]-[INFO] fetch http://news.sohu.com/20140115/n393575818.shtml
2015-04-01 21:19:35 [cn.edu.hfut.dmic.webcollector.fetcher.Fetcher-284]-[INFO] fetch http://news.sohu.com/20131129/n391035420.shtml
2015-04-01 21:19:36 [cn.edu.hfut.dmic.webcollector.fetcher.Fetcher-397]-[INFO] -activeThreads=2, spinWaiting=0, fetchQueue.size=109
2015-04-01 21:19:37 [cn.edu.hfut.dmic.webcollector.fetcher.Fetcher-397]-[INFO] -activeThreads=2, spinWaiting=0, fetchQueue.size=109
2015-04-01 21:19:38 [cn.edu.hfut.dmic.webcollector.fetcher.Fetcher-397]-[INFO] -activeThreads=2, spinWaiting=0, fetchQueue.size=109
2015-04-01 21:19:39 [cn.edu.hfut.dmic.webcollector.fetcher.Fetcher-397]-[INFO] -activeThreads=2, spinWaiting=0, fetchQueue.size=109
2015-04-01 21:19:40 [cn.edu.hfut.dmic.webcollector.fetcher.Fetcher-397]-[INFO] -activeThreads=2, spinWaiting=0, fetchQueue.size=107
2015-04-01 21:19:40 [cn.edu.hfut.dmic.webcollector.fetcher.Fetcher-284]-[INFO] fetch http://news.sohu.com/20140411/n398061248.shtml
2015-04-01 21:19:40 [cn.edu.hfut.dmic.webcollector.fetcher.Fetcher-284]-[INFO] fetch http://news.sohu.com/20140412/n398136498.shtml
2015-04-01 21:19:41 [cn.edu.hfut.dmic.webcollector.fetcher.Fetcher-397]-[INFO] -activeThreads=2, spinWaiting=0, fetchQueue.size=107
2015-04-01 21:19:54 [cn.edu.hfut.dmic.webcollector.crawler.Crawler-119]-[INFO] starting depth 1
2015-04-01 21:19:55 [cn.edu.hfut.dmic.webcollector.fetcher.Fetcher-284]-[INFO] fetch http://news.sohu.com/
2015-04-01 21:19:55 [cn.edu.hfut.dmic.webcollector.fetcher.Fetcher-397]-[INFO] -activeThreads=1, spinWaiting=0, fetchQueue.size=0
2015-04-01 21:19:56 [cn.edu.hfut.dmic.webcollector.fetcher.Fetcher-397]-[INFO] -activeThreads=1, spinWaiting=0, fetchQueue.size=0
2015-04-01 21:19:57 [cn.edu.hfut.dmic.webcollector.fetcher.Fetcher-397]-[INFO] -activeThreads=1, spinWaiting=0, fetchQueue.size=0
2015-04-01 21:19:58 [cn.edu.hfut.dmic.webcollector.fetcher.Fetcher-397]-[INFO] -activeThreads=1, spinWaiting=0, fetchQueue.size=0
2015-04-01 21:19:59 [cn.edu.hfut.dmic.webcollector.fetcher.Fetcher-397]-[INFO] -activeThreads=1, spinWaiting=0, fetchQueue.size=0
2015-04-01 21:20:00 [cn.edu.hfut.dmic.webcollector.fetcher.Fetcher-397]-[INFO] -activeThreads=1, spinWaiting=0, fetchQueue.size=0
2015-04-01 21:20:01 [cn.edu.hfut.dmic.webcollector.fetcher.Fetcher-397]-[INFO] -activeThreads=0, spinWaiting=0, fetchQueue.size=0
2015-04-01 21:20:01 [cn.edu.hfut.dmic.webcollector.fetcher.Fetcher-437]-[INFO] clear all activeThread
2015-04-01 21:20:01 [cn.edu.hfut.dmic.webcollector.fetcher.DbUpdater-96]-[INFO] start merge
2015-04-01 21:20:01 [cn.edu.hfut.dmic.webcollector.fetcher.DbUpdater-99]-[INFO] merge fetch database
2015-04-01 21:20:01 [cn.edu.hfut.dmic.webcollector.fetcher.DbUpdater-110]-[INFO] merge link database
2015-04-01 21:20:02 [cn.edu.hfut.dmic.webcollector.fetcher.DbUpdater-120]-[INFO] end merge
2015-04-01 21:20:02 [cn.edu.hfut.dmic.webcollector.crawler.Crawler-119]-[INFO] starting depth 2
2015-04-01 21:20:03 [cn.edu.hfut.dmic.webcollector.fetcher.Fetcher-284]-[INFO] fetch http://news.sohu.com/20131129/n391035420.shtml
2015-04-01 21:20:03 [cn.edu.hfut.dmic.webcollector.fetcher.Fetcher-284]-[INFO] fetch http://news.sohu.com/20140115/n393575818.shtml
2015-04-01 21:20:03 [cn.edu.hfut.dmic.webcollector.fetcher.Fetcher-397]-[INFO] -activeThreads=2, spinWaiting=0, fetchQueue.size=109
2015-04-01 21:20:04 [cn.edu.hfut.dmic.webcollector.fetcher.Fetcher-397]-[INFO] -activeThreads=2, spinWaiting=0, fetchQueue.size=109
2015-04-01 21:20:05 [cn.edu.hfut.dmic.webcollector.fetcher.Fetcher-397]-[INFO] -activeThreads=2, spinWaiting=0, fetchQueue.size=109
2015-04-01 21:20:06 [cn.edu.hfut.dmic.webcollector.fetcher.Fetcher-397]-[INFO] -activeThreads=2, spinWaiting=0, fetchQueue.size=109
2015-04-01 21:20:07 [cn.edu.hfut.dmic.webcollector.fetcher.Fetcher-397]-[INFO] -activeThreads=2, spinWaiting=0, fetchQueue.size=107
2015-04-01 21:20:07 [cn.edu.hfut.dmic.webcollector.fetcher.Fetcher-284]-[INFO] fetch http://news.sohu.com/20140411/n398061248.shtml
2015-04-01 21:20:07 [cn.edu.hfut.dmic.webcollector.fetcher.Fetcher-284]-[INFO] fetch http://news.sohu.com/20140412/n398136498.shtml
2015-04-01 21:20:08 [cn.edu.hfut.dmic.webcollector.fetcher.Fetcher-397]-[INFO] -activeThreads=2, spinWaiting=0, fetchQueue.size=107
2015-04-01 21:20:09 [cn.edu.hfut.dmic.webcollector.fetcher.Fetcher-397]-[INFO] -activeThreads=2, spinWaiting=0, fetchQueue.size=107
2015-04-01 21:20:10 [cn.edu.hfut.dmic.webcollector.fetcher.Fetcher-397]-[INFO] -activeThreads=2, spinWaiting=0, fetchQueue.size=107
2015-04-01 21:20:11 [cn.edu.hfut.dmic.webcollector.fetcher.Fetcher-397]-[INFO] -activeThreads=2, spinWaiting=0, fetchQueue.size=107
2015-04-01 21:20:11 [cn.edu.hfut.dmic.webcollector.fetcher.Fetcher-284]-[INFO] fetch http://news.sohu.com/20140428/n398886930.shtml
2015-04-01 21:20:12 [cn.edu.hfut.dmic.webcollector.fetcher.Fetcher-397]-[INFO] -activeThreads=2, spinWaiting=0, fetchQueue.size=106
2015-04-01 21:20:13 [cn.edu.hfut.dmic.webcollector.fetcher.Fetcher-397]-[INFO] -activeThreads=2, spinWaiting=0, fetchQueue.size=106
2015-04-01 21:20:14 [cn.edu.hfut.dmic.webcollector.fetcher.Fetcher-284]-[INFO] fetch http://news.sohu.com/20140509/n399350065.shtml
2015-04-01 21:20:14 [cn.edu.hfut.dmic.webcollector.fetcher.Fetcher-397]-[INFO] -activeThreads=2, spinWaiting=0, fetchQueue.size=105
2015-04-01 21:20:15 [cn.edu.hfut.dmic.webcollector.fetcher.Fetcher-397]-[INFO] -activeThreads=2, spinWaiting=0, fetchQueue.size=105
2015-04-01 21:20:16 [cn.edu.hfut.dmic.webcollector.fetcher.Fetcher-284]-[INFO] fetch http://news.sohu.com/20140530/n400255886.shtml
2015-04-01 21:20:16 [cn.edu.hfut.dmic.webcollector.fetcher.Fetcher-397]-[INFO] -activeThreads=2, spinWaiting=0, fetchQueue.size=104
2015-04-01 21:20:17 [cn.edu.hfut.dmic.webcollector.fetcher.Fetcher-397]-[INFO] -activeThreads=2, spinWaiting=0, fetchQueue.size=104
2015-04-01 21:20:18 [cn.edu.hfut.dmic.webcollector.fetcher.Fetcher-397]-[INFO] -activeThreads=2, spinWaiting=0, fetchQueue.size=103
2015-04-01 21:20:18 [cn.edu.hfut.dmic.webcollector.fetcher.Fetcher-284]-[INFO] fetch http://news.sohu.com/20140617/n400965739.shtml
2015-04-01 21:20:19 [cn.edu.hfut.dmic.webcollector.fetcher.Fetcher-397]-[INFO] -activeThreads=2, spinWaiting=0, fetchQueue.size=103
2015-04-01 21:20:20 [cn.edu.hfut.dmic.webcollector.fetcher.Fetcher-397]-[INFO] -activeThreads=2, spinWaiting=0, fetchQueue.size=102
2015-04-01 21:20:20 [cn.edu.hfut.dmic.webcollector.fetcher.Fetcher-284]-[INFO] fetch http://news.sohu.com/20140803/n403047045.shtml
2015-04-01 21:20:21 [cn.edu.hfut.dmic.webcollector.fetcher.Fetcher-397]-[INFO] -activeThreads=2, spinWaiting=0, fetchQueue.size=102
2015-04-01 21:20:22 [cn.edu.hfut.dmic.webcollector.fetcher.Fetcher-397]-[INFO] -activeThreads=2, spinWaiting=0, fetchQueue.size=102
2015-04-01 21:20:22 [cn.edu.hfut.dmic.webcollector.fetcher.Fetcher-284]-[INFO] fetch http://news.sohu.com/20140804/n403071477.shtml
2015-04-01 21:20:23 [cn.edu.hfut.dmic.webcollector.fetcher.Fetcher-397]-[INFO] -activeThreads=2, spinWaiting=0, fetchQueue.size=101
2015-04-01 21:20:24 [cn.edu.hfut.dmic.webcollector.fetcher.Fetcher-397]-[INFO] -activeThreads=2, spinWaiting=0, fetchQueue.size=101
2015-04-01 21:20:25 [cn.edu.hfut.dmic.webcollector.fetcher.Fetcher-284]-[INFO] fetch http://news.sohu.com/20141126/n406390003.shtml
2015-04-01 21:20:25 [cn.edu.hfut.dmic.webcollector.fetcher.Fetcher-397]-[INFO] -activeThreads=2, spinWaiting=0, fetchQueue.size=100
2015-04-01 21:20:26 [cn.edu.hfut.dmic.webcollector.fetcher.Fetcher-397]-[INFO] -activeThreads=2, spinWaiting=0, fetchQueue.size=100
2015-04-01 21:20:27 [cn.edu.hfut.dmic.webcollector.fetcher.Fetcher-284]-[INFO] fetch http://news.sohu.com/20141126/n406399379.shtml
2015-04-01 21:20:27 [cn.edu.hfut.dmic.webcollector.fetcher.Fetcher-397]-[INFO] -activeThreads=2, spinWaiting=0, fetchQueue.size=99
